<?xml version="1.0" encoding="UTF-8"?>
<!-- Generated by org.testng.reporters.JUnitReportReporter -->
<testsuite hostname="Mahesh" failures="0" tests="4" name="api.test.UserTests" time="9.059" errors="0" timestamp="2024-12-28T00:15:16 IST" skipped="0">
  <testcase classname="api.test.UserTests" name="testPostUser" time="4.358"/>
  <testcase classname="api.test.UserTests" name="testGetUserByName" time="1.236"/>
  <testcase classname="api.test.UserTests" name="testUpdateUserByName" time="2.309"/>
  <testcase classname="api.test.UserTests" name="testDeleteUserByName" time="1.156"/>
</testsuite> <!-- api.test.UserTests -->
