<?xml version="1.0" encoding="UTF-8"?>
<!-- Generated by org.testng.reporters.JUnitReportReporter -->
<testsuite hostname="Mahesh" failures="0" tests="4" name="api.test.UserTests" time="8.744" errors="0" timestamp="2024-12-27T23:54:29 IST" skipped="0">
  <testcase classname="api.test.UserTests" name="testPostUser" time="3.962"/>
  <testcase classname="api.test.UserTests" name="testGetUserByName" time="1.232"/>
  <testcase classname="api.test.UserTests" name="testUpdateUserByName" time="2.381"/>
  <testcase classname="api.test.UserTests" name="testDeleteUserByName" time="1.169"/>
</testsuite> <!-- api.test.UserTests -->
